#
# A fatal error has been detected by the Java Runtime Environment:
#
#  SIGSEGV (0xb) at pc=0x00007f4db101e750, pid=6329, tid=139971788146432
#
# JRE version: Java(TM) SE Runtime Environment (7.0_67-b01) (build 1.7.0_67-b01)
# Java VM: Java HotSpot(TM) 64-Bit Server VM (24.65-b04 mixed mode linux-amd64 compressed oops)
# Problematic frame:
# j  java.util.LinkedList.linkLast(Ljava/lang/Object;)V+0
#
# Failed to write core dump. Core dumps have been disabled. To enable core dumping, try "ulimit -c unlimited" before starting Java again
#
# If you would like to submit a bug report, please visit:
#   http://bugreport.sun.com/bugreport/crash.jsp
#

---------------  T H R E A D  ---------------

Current thread (0x00007f4db4009000):  JavaThread "main" [_thread_in_Java, id=6332, stack(0x00007f4db8a60000,0x00007f4db8b61000)]

siginfo:si_signo=SIGSEGV: si_errno=0, si_code=1 (SEGV_MAPERR), si_addr=0x0000000100000008

Registers:
RAX=0x00000000fffffff8, RBX=0x0000000100000010, RCX=0x0000000000000000, RDX=0x0000000000000001
RSP=0x00007f4db8b5f850, RBP=0x00007f4db8b5f890, RSI=0x00000000faa63700, RDI=0x0000000020200021
R8 =0x00007f4db99a6d80, R9 =0x0000000000000001, R10=0x00007f4db99b1080, R11=0x00007f4db8b5f8a8
R12=0x0000000000000000, R13=0x00000000faa5d9fd, R14=0x00007f4db8b5f8b8, R15=0x00007f4db4009000
RIP=0x00007f4db101e750, EFLAGS=0x0000000000010202, CSGSFS=0x0000000000000033, ERR=0x0000000000000006
  TRAPNO=0x000000000000000e

Top of Stack: (sp=0x00007f4db8b5f850)
0x00007f4db8b5f850:   00007f4db8b5f850 00000000faa5d9f8
0x00007f4db8b5f860:   00007f4db8b5f8b8 00000000faa62470
0x00007f4db8b5f870:   00000000faa63dc0 00000000faa5da40
0x00007f4db8b5f880:   0000000000000000 00007f4db8b5f8b0
0x00007f4db8b5f890:   00007f4db8b5f900 00007f4db1006058
0x00007f4db8b5f8a0:   0000000000000000 00000000ffffffc8
0x00007f4db8b5f8b0:   00000000ffffffe0 00000000fffd1ab8
0x00007f4db8b5f8c0:   00007f4db8b5f8c0 00000000faa5e62a
0x00007f4db8b5f8d0:   00007f4db8b5f918 00000000faa62470
0x00007f4db8b5f8e0:   00000000faa63d10 00000000faa5e638
0x00007f4db8b5f8f0:   00007f4db8b5f8b0 00007f4db8b5f910
0x00007f4db8b5f900:   00007f4db8b5f960 00007f4db10069fe
0x00007f4db8b5f910:   00000000ffffffe0 00000000fffd1ab8
0x00007f4db8b5f920:   00007f4db8b5f920 00000000faa596b0
0x00007f4db8b5f930:   00007f4db8b5f978 00000000faa59998
0x00007f4db8b5f940:   00000000faa63b58 00000000faa596e8
0x00007f4db8b5f950:   00007f4db8b5f910 00007f4db8b5f978
0x00007f4db8b5f960:   00007f4db8b5f9e0 00007f4db10004e7
0x00007f4db8b5f970:   00000000fffd1ab8 00000000fffd1680
0x00007f4db8b5f980:   0000000000001fa0 00007f4db8b5fcd0
0x00007f4db8b5f990:   00007f4db8b5fa60 00007f4db8b5fb40
0x00007f4db8b5f9a0:   00007f4db4009000 00007f4db4009580
0x00007f4db8b5f9b0:   00007f4db8b5fa20 00007f4db8b5fcd8
0x00007f4db8b5f9c0:   00007f4d0000000a 00000000faa596e8
0x00007f4db8b5f9d0:   00007f4db1010360 00007f4db8b5fb48
0x00007f4db8b5f9e0:   00007f4db8b5fad0 00007f4db9160b65
0x00007f4db8b5f9f0:   00007f4d00000001 00007f4db4009000
0x00007f4db8b5fa00:   0000000000000003 00007f4db8b5fa20
0x00007f4db8b5fa10:   00007f4db1010360 00007f4d0000000a
0x00007f4db8b5fa20:   00007f4db4009000 00007f4db400a3a0
0x00007f4db8b5fa30:   00000000faa596e8 0000000000000000
0x00007f4db8b5fa40:   0000000000000000 0000000000000000 

Instructions: (pc=0x00007f4db101e750)
0x00007f4db101e730:   71 00 00 00 f0 49 0f b1 1a 75 ec 49 01 97 b0 00
0x00007f4db101e740:   00 00 83 ea 10 0f 84 0e 00 00 00 33 c9 c1 ea 03
0x00007f4db101e750:   48 89 4c d0 08 ff ca 75 f7 4c 8b 96 b0 00 00 00
0x00007f4db101e760:   4c 89 10 33 c9 89 48 0c 89 70 08 80 3d 39 ed 97 

Register to memory mapping:

RAX=
[error occurred during error reporting (printing register info), id 0xb]

Stack: [0x00007f4db8a60000,0x00007f4db8b61000],  sp=0x00007f4db8b5f850,  free space=1022k
Native frames: (J=compiled Java code, j=interpreted, Vv=VM code, C=native code)
j  java.util.LinkedList.linkLast(Ljava/lang/Object;)V+0
j  java.util.LinkedList.add(Ljava/lang/Object;)Z+2
j  com.personal.memory.MemoryTest.main([Ljava/lang/String;)V+16
v  ~StubRoutines::call_stub
V  [libjvm.so+0x5ffb65]  JavaCalls::call_helper(JavaValue*, methodHandle*, JavaCallArguments*, Thread*)+0x365
V  [libjvm.so+0x5fe5c8]  JavaCalls::call(JavaValue*, methodHandle, JavaCallArguments*, Thread*)+0x28
V  [libjvm.so+0x638309]  jni_invoke_static(JNIEnv_*, JavaValue*, _jobject*, JNICallType, _jmethodID*, JNI_ArgumentPusher*, Thread*)+0x219
V  [libjvm.so+0x640f22]  jni_CallStaticVoidMethod+0x162
C  [libjli.so+0x36d9]  JavaMain+0x7e9


---------------  P R O C E S S  ---------------

Java Threads: ( => current thread )
  0x00007f4db4095000 JavaThread "Service Thread" daemon [_thread_blocked, id=6346, stack(0x00007f4daaf8d000,0x00007f4dab08e000)]
  0x00007f4db4093000 JavaThread "C2 CompilerThread1" daemon [_thread_blocked, id=6345, stack(0x00007f4dab08e000,0x00007f4dab18f000)]
  0x00007f4db4090000 JavaThread "C2 CompilerThread0" daemon [_thread_blocked, id=6344, stack(0x00007f4dab18f000,0x00007f4dab290000)]
  0x00007f4db408e000 JavaThread "Signal Dispatcher" daemon [_thread_blocked, id=6343, stack(0x00007f4dab290000,0x00007f4dab391000)]
  0x00007f4db406f000 JavaThread "Finalizer" daemon [_thread_blocked, id=6342, stack(0x00007f4dab391000,0x00007f4dab492000)]
  0x00007f4db406d000 JavaThread "Reference Handler" daemon [_thread_blocked, id=6341, stack(0x00007f4dab492000,0x00007f4dab593000)]
=>0x00007f4db4009000 JavaThread "main" [_thread_in_Java, id=6332, stack(0x00007f4db8a60000,0x00007f4db8b61000)]

Other Threads:
  0x00007f4db4068800 VMThread [stack: 0x00007f4dab593000,0x00007f4dab694000] [id=6340]
  0x00007f4db40a0000 WatcherThread [stack: 0x00007f4daae8c000,0x00007f4daaf8d000] [id=6347]

VM state:not at safepoint (normal execution)

VM Mutex/Monitor currently owned by a thread: None

Heap
 PSYoungGen      total 0K, used 8388608K [0x00000000fff80000, 0x0000000100000000, 0x0000000100000000)
  eden space 18014398509481472K, 0% used [0x00000000fff80000,0x00000002fff80060,0x00000000fff00000)
  from space 512K, 0% used [0x00000000fff80000,0x00000000fff80000,0x0000000100000000)
  to   space 512K, 0% used [0x00000000fff00000,0x00000000fff00000,0x00000000fff80000)
 ParOldGen       total 1536K, used 0K [0x00000000ffa00000, 0x00000000ffb80000, 0x00000000fff80000)
  object space 1536K, 0% used [0x00000000ffa00000,0x00000000ffa00000,0x00000000ffb80000)
 PSPermGen       total 21504K, used 2448K [0x00000000fa800000, 0x00000000fbd00000, 0x00000000ffa00000)
  object space 21504K, 11% used [0x00000000fa800000,0x00000000faa640a8,0x00000000fbd00000)

Card table byte_map: [0x00007f4db80f8000,0x00007f4db8125000] byte_map_base: 0x00007f4db7924000

Polling page: 0x00007f4db9c08000

Code Cache  [0x00007f4db1000000, 0x00007f4db1270000, 0x00007f4db4000000)
 total_blobs=165 nmethods=0 adapters=134 free_code_cache=48774Kb largest_free_block=49945088

Compilation events (0 events):
No events

GC Heap History (0 events):
No events

Deoptimization events (0 events):
No events

Internal exceptions (3 events):
Event: 0.027 Thread 0x00007f4db4009000 Threw 0x00000000fff90388 at /HUDSON/workspace/7u-2-build-linux-amd64/jdk7u67/1368/hotspot/src/share/vm/prims/jni.cpp:3991
Event: 0.054 Thread 0x00007f4db4009000 Threw 0x00000000fffcb8a8 at /HUDSON/workspace/7u-2-build-linux-amd64/jdk7u67/1368/hotspot/src/share/vm/prims/jvm.cpp:1244
Event: 0.061 Thread 0x00007f4db4009000 Threw 0x00000000fffd1f30 at /HUDSON/workspace/7u-2-build-linux-amd64/jdk7u67/1368/hotspot/src/share/vm/prims/jvm.cpp:1244

Events (10 events):
Event: 0.060 loading class 0x00007f4db8074b40 done
Event: 0.061 loading class 0x00007f4db400b930
Event: 0.061 loading class 0x00007f4db400b930 done
Event: 0.061 loading class 0x00007f4db8071680 done
Event: 0.061 loading class 0x00007f4db40a3660
Event: 0.061 loading class 0x00007f4db40a3660 done
Event: 0.061 loading class 0x00007f4db400ba00
Event: 0.061 loading class 0x00007f4db400ba00 done
Event: 4.096 Executing VM operation: EnableBiasedLocking
Event: 4.096 Executing VM operation: EnableBiasedLocking done


Dynamic libraries:
00400000-00401000 r-xp 00000000 08:10 531797                             /VBoxExt2/Softwares/java/jdk1.7.0_67/bin/java
00600000-00601000 rw-p 00000000 08:10 531797                             /VBoxExt2/Softwares/java/jdk1.7.0_67/bin/java
014e8000-01509000 rw-p 00000000 00:00 0                                  [heap]
fa800000-fbd00000 rw-p 00000000 00:00 0 
fbd00000-ffa00000 rw-p 00000000 00:00 0 
ffa00000-ffb80000 rw-p 00000000 00:00 0 
ffb80000-fff80000 rw-p 00000000 00:00 0 
fff80000-100000000 rw-p 00000000 00:00 0 
395ea00000-395ea20000 r-xp 00000000 fc:00 130617                         /lib64/ld-2.12.so
395ec1f000-395ec20000 r--p 0001f000 fc:00 130617                         /lib64/ld-2.12.so
395ec20000-395ec21000 rw-p 00020000 fc:00 130617                         /lib64/ld-2.12.so
395ec21000-395ec22000 rw-p 00000000 00:00 0 
395ee00000-395ef8a000 r-xp 00000000 fc:00 130619                         /lib64/libc-2.12.so
395ef8a000-395f189000 ---p 0018a000 fc:00 130619                         /lib64/libc-2.12.so
395f189000-395f18d000 r--p 00189000 fc:00 130619                         /lib64/libc-2.12.so
395f18d000-395f18e000 rw-p 0018d000 fc:00 130619                         /lib64/libc-2.12.so
395f18e000-395f193000 rw-p 00000000 00:00 0 
395f200000-395f283000 r-xp 00000000 fc:00 130645                         /lib64/libm-2.12.so
395f283000-395f482000 ---p 00083000 fc:00 130645                         /lib64/libm-2.12.so
395f482000-395f483000 r--p 00082000 fc:00 130645                         /lib64/libm-2.12.so
395f483000-395f484000 rw-p 00083000 fc:00 130645                         /lib64/libm-2.12.so
395f600000-395f602000 r-xp 00000000 fc:00 130632                         /lib64/libdl-2.12.so
395f602000-395f802000 ---p 00002000 fc:00 130632                         /lib64/libdl-2.12.so
395f802000-395f803000 r--p 00002000 fc:00 130632                         /lib64/libdl-2.12.so
395f803000-395f804000 rw-p 00003000 fc:00 130632                         /lib64/libdl-2.12.so
395fa00000-395fa17000 r-xp 00000000 fc:00 130622                         /lib64/libpthread-2.12.so
395fa17000-395fc17000 ---p 00017000 fc:00 130622                         /lib64/libpthread-2.12.so
395fc17000-395fc18000 r--p 00017000 fc:00 130622                         /lib64/libpthread-2.12.so
395fc18000-395fc19000 rw-p 00018000 fc:00 130622                         /lib64/libpthread-2.12.so
395fc19000-395fc1d000 rw-p 00000000 00:00 0 
3960200000-3960207000 r-xp 00000000 fc:00 130625                         /lib64/librt-2.12.so
3960207000-3960406000 ---p 00007000 fc:00 130625                         /lib64/librt-2.12.so
3960406000-3960407000 r--p 00006000 fc:00 130625                         /lib64/librt-2.12.so
3960407000-3960408000 rw-p 00007000 fc:00 130625                         /lib64/librt-2.12.so
7f4d70000000-7f4d70021000 rw-p 00000000 00:00 0 
7f4d70021000-7f4d74000000 ---p 00000000 00:00 0 
7f4d74000000-7f4d74021000 rw-p 00000000 00:00 0 
7f4d74021000-7f4d78000000 ---p 00000000 00:00 0 
7f4d78000000-7f4d78021000 rw-p 00000000 00:00 0 
7f4d78021000-7f4d7c000000 ---p 00000000 00:00 0 
7f4d7c000000-7f4d7c021000 rw-p 00000000 00:00 0 
7f4d7c021000-7f4d80000000 ---p 00000000 00:00 0 
7f4d80000000-7f4d80021000 rw-p 00000000 00:00 0 
7f4d80021000-7f4d84000000 ---p 00000000 00:00 0 
7f4d8616f000-7f4d8c000000 r--p 00000000 fc:00 436017                     /usr/lib/locale/locale-archive
7f4d8c000000-7f4d8c021000 rw-p 00000000 00:00 0 
7f4d8c021000-7f4d90000000 ---p 00000000 00:00 0 
7f4d90000000-7f4d90021000 rw-p 00000000 00:00 0 
7f4d90021000-7f4d94000000 ---p 00000000 00:00 0 
7f4d94000000-7f4d94021000 rw-p 00000000 00:00 0 
7f4d94021000-7f4d98000000 ---p 00000000 00:00 0 
7f4d98000000-7f4d98021000 rw-p 00000000 00:00 0 
7f4d98021000-7f4d9c000000 ---p 00000000 00:00 0 
7f4d9c000000-7f4d9c021000 rw-p 00000000 00:00 0 
7f4d9c021000-7f4da0000000 ---p 00000000 00:00 0 
7f4da4000000-7f4da4021000 rw-p 00000000 00:00 0 
7f4da4021000-7f4da8000000 ---p 00000000 00:00 0 
7f4daac43000-7f4daae8c000 rw-p 00000000 00:00 0 
7f4daae8c000-7f4daae8d000 ---p 00000000 00:00 0 
7f4daae8d000-7f4daaf8d000 rw-p 00000000 00:00 0 
7f4daaf8d000-7f4daaf90000 ---p 00000000 00:00 0 
7f4daaf90000-7f4dab08e000 rw-p 00000000 00:00 0 
7f4dab08e000-7f4dab091000 ---p 00000000 00:00 0 
7f4dab091000-7f4dab18f000 rw-p 00000000 00:00 0 
7f4dab18f000-7f4dab192000 ---p 00000000 00:00 0 
7f4dab192000-7f4dab290000 rw-p 00000000 00:00 0 
7f4dab290000-7f4dab293000 ---p 00000000 00:00 0 
7f4dab293000-7f4dab391000 rw-p 00000000 00:00 0 
7f4dab391000-7f4dab394000 ---p 00000000 00:00 0 
7f4dab394000-7f4dab492000 rw-p 00000000 00:00 0 
7f4dab492000-7f4dab495000 ---p 00000000 00:00 0 
7f4dab495000-7f4dab593000 rw-p 00000000 00:00 0 
7f4dab593000-7f4dab594000 ---p 00000000 00:00 0 
7f4dab594000-7f4dac000000 rw-p 00000000 00:00 0 
7f4dac000000-7f4dac021000 rw-p 00000000 00:00 0 
7f4dac021000-7f4db0000000 ---p 00000000 00:00 0 
7f4db0074000-7f4db0707000 rw-p 00000000 00:00 0 
7f4db0707000-7f4db08c6000 r--s 039e5000 08:10 663338                     /VBoxExt2/Softwares/java/jdk1.7.0_67/jre/lib/rt.jar
7f4db08c6000-7f4db0bfc000 rw-p 00000000 00:00 0 
7f4db0bfc000-7f4db0bfd000 ---p 00000000 00:00 0 
7f4db0bfd000-7f4db0cfd000 rw-p 00000000 00:00 0 
7f4db0cfd000-7f4db0cfe000 ---p 00000000 00:00 0 
7f4db0cfe000-7f4db0dfe000 rw-p 00000000 00:00 0 
7f4db0dfe000-7f4db0dff000 ---p 00000000 00:00 0 
7f4db0dff000-7f4db0eff000 rw-p 00000000 00:00 0 
7f4db0eff000-7f4db0f00000 ---p 00000000 00:00 0 
7f4db0f00000-7f4db1000000 rw-p 00000000 00:00 0 
7f4db1000000-7f4db1270000 rwxp 00000000 00:00 0 
7f4db1270000-7f4db40ba000 rw-p 00000000 00:00 0 
7f4db40ba000-7f4db8000000 ---p 00000000 00:00 0 
7f4db8020000-7f4db80da000 rw-p 00000000 00:00 0 
7f4db80da000-7f4db80f8000 rw-p 00000000 00:00 0 
7f4db80f8000-7f4db8103000 rw-p 00000000 00:00 0 
7f4db8103000-7f4db8121000 rw-p 00000000 00:00 0 
7f4db8121000-7f4db8122000 rw-p 00000000 00:00 0 
7f4db8122000-7f4db8123000 rw-p 00000000 00:00 0 
7f4db8123000-7f4db812f000 rw-p 00000000 00:00 0 
7f4db812f000-7f4db81e5000 rw-p 00000000 00:00 0 
7f4db81e5000-7f4db81ff000 r-xp 00000000 08:10 663222                     /VBoxExt2/Softwares/java/jdk1.7.0_67/jre/lib/amd64/libzip.so
7f4db81ff000-7f4db83ff000 ---p 0001a000 08:10 663222                     /VBoxExt2/Softwares/java/jdk1.7.0_67/jre/lib/amd64/libzip.so
7f4db83ff000-7f4db8400000 rw-p 0001a000 08:10 663222                     /VBoxExt2/Softwares/java/jdk1.7.0_67/jre/lib/amd64/libzip.so
7f4db8400000-7f4db840c000 r-xp 00000000 fc:00 130590                     /lib64/libnss_files-2.12.so
7f4db840c000-7f4db860c000 ---p 0000c000 fc:00 130590                     /lib64/libnss_files-2.12.so
7f4db860c000-7f4db860d000 r--p 0000c000 fc:00 130590                     /lib64/libnss_files-2.12.so
7f4db860d000-7f4db860e000 rw-p 0000d000 fc:00 130590                     /lib64/libnss_files-2.12.so
7f4db8627000-7f4db8650000 r-xp 00000000 08:10 663205                     /VBoxExt2/Softwares/java/jdk1.7.0_67/jre/lib/amd64/libjava.so
7f4db8650000-7f4db8850000 ---p 00029000 08:10 663205                     /VBoxExt2/Softwares/java/jdk1.7.0_67/jre/lib/amd64/libjava.so
7f4db8850000-7f4db8852000 rw-p 00029000 08:10 663205                     /VBoxExt2/Softwares/java/jdk1.7.0_67/jre/lib/amd64/libjava.so
7f4db8852000-7f4db885f000 r-xp 00000000 08:10 663167                     /VBoxExt2/Softwares/java/jdk1.7.0_67/jre/lib/amd64/libverify.so
7f4db885f000-7f4db8a5e000 ---p 0000d000 08:10 663167                     /VBoxExt2/Softwares/java/jdk1.7.0_67/jre/lib/amd64/libverify.so
7f4db8a5e000-7f4db8a60000 rw-p 0000c000 08:10 663167                     /VBoxExt2/Softwares/java/jdk1.7.0_67/jre/lib/amd64/libverify.so
7f4db8a60000-7f4db8a63000 ---p 00000000 00:00 0 
7f4db8a63000-7f4db8b61000 rw-p 00000000 00:00 0 
7f4db8b61000-7f4db96d1000 r-xp 00000000 08:10 663181                     /VBoxExt2/Softwares/java/jdk1.7.0_67/jre/lib/amd64/server/libjvm.so
7f4db96d1000-7f4db98d0000 ---p 00b70000 08:10 663181                     /VBoxExt2/Softwares/java/jdk1.7.0_67/jre/lib/amd64/server/libjvm.so
7f4db98d0000-7f4db9995000 rw-p 00b6f000 08:10 663181                     /VBoxExt2/Softwares/java/jdk1.7.0_67/jre/lib/amd64/server/libjvm.so
7f4db9995000-7f4db99d8000 rw-p 00000000 00:00 0 
7f4db99d8000-7f4db99ee000 r-xp 00000000 08:10 531440                     /VBoxExt2/Softwares/java/jdk1.7.0_67/lib/amd64/jli/libjli.so
7f4db99ee000-7f4db9bee000 ---p 00016000 08:10 531440                     /VBoxExt2/Softwares/java/jdk1.7.0_67/lib/amd64/jli/libjli.so
7f4db9bee000-7f4db9bef000 rw-p 00016000 08:10 531440                     /VBoxExt2/Softwares/java/jdk1.7.0_67/lib/amd64/jli/libjli.so
7f4db9bef000-7f4db9bf0000 rw-p 00000000 00:00 0 
7f4db9bfa000-7f4db9bfd000 rw-p 00000000 00:00 0 
7f4db9bfd000-7f4db9bff000 rw-p 00000000 00:00 0 
7f4db9bff000-7f4db9c07000 rw-s 00000000 fc:00 542402                     /tmp/hsperfdata_yjain/6329
7f4db9c07000-7f4db9c08000 rw-p 00000000 00:00 0 
7f4db9c08000-7f4db9c09000 r--p 00000000 00:00 0 
7f4db9c09000-7f4db9c0a000 rw-p 00000000 00:00 0 
7fff4cb4d000-7fff4cb6e000 rw-p 00000000 00:00 0                          [stack]
7fff4cbff000-7fff4cc00000 r-xp 00000000 00:00 0                          [vdso]
ffffffffff600000-ffffffffff601000 r-xp 00000000 00:00 0                  [vsyscall]

VM Arguments:
jvm_args: -Xms2m -Xmx2m -XX:NewSize=512k -XX:MaxNewSize=512k -XX:SurvivorRatio=1 -XX:MaxTenuringThreshold=32 -Dfile.encoding=UTF-8 
java_command: com.personal.memory.MemoryTest
Launcher Type: SUN_STANDARD

Environment Variables:
JAVA_HOME=/home/jainy/Softwares/java/current
PATH=.:/home/jainy/Softwares/java/current/bin:/home/jainy/Softwares/apache-maven-3.0.5/bin:/home/jainy/bt3/bin:/usr/bin:/bin:/home/jainy/Softwares/groovy-2.2.2/bin:/u01/app/oracle/product/11.2.0/xe/bin:/usr/lib64/qt-3.3/bin:/usr/local/bin:/usr/bin:/bin:/usr/local/sbin:/usr/sbin:/sbin:/u01/app/oracle/product/11.2.0/xe/bin:/home/jainy/bin
USERNAME=yjain
LD_LIBRARY_PATH=/u01/app/oracle/product/11.2.0/xe/lib:/opt/distra/executive/current/lib
SHELL=/bin/bash
DISPLAY=:0.0

Signal Handlers:
SIGSEGV: [libjvm.so+0x99f4a0], sa_mask[0]=0x7ffbfeff, sa_flags=0x10000004
SIGBUS: [libjvm.so+0x99f4a0], sa_mask[0]=0x7ffbfeff, sa_flags=0x10000004
SIGFPE: [libjvm.so+0x81a860], sa_mask[0]=0x7ffbfeff, sa_flags=0x10000004
SIGPIPE: [libjvm.so+0x81a860], sa_mask[0]=0x7ffbfeff, sa_flags=0x10000004
SIGXFSZ: [libjvm.so+0x81a860], sa_mask[0]=0x7ffbfeff, sa_flags=0x10000004
SIGILL: [libjvm.so+0x81a860], sa_mask[0]=0x7ffbfeff, sa_flags=0x10000004
SIGUSR1: SIG_DFL, sa_mask[0]=0x00000000, sa_flags=0x00000000
SIGUSR2: [libjvm.so+0x81c060], sa_mask[0]=0x00000004, sa_flags=0x10000004
SIGHUP: [libjvm.so+0x81d160], sa_mask[0]=0x7ffbfeff, sa_flags=0x10000004
SIGINT: [libjvm.so+0x81d160], sa_mask[0]=0x7ffbfeff, sa_flags=0x10000004
SIGTERM: [libjvm.so+0x81d160], sa_mask[0]=0x7ffbfeff, sa_flags=0x10000004
SIGQUIT: [libjvm.so+0x81d160], sa_mask[0]=0x7ffbfeff, sa_flags=0x10000004


---------------  S Y S T E M  ---------------

OS:Red Hat Enterprise Linux Server release 6.3 (Santiago)

uname:Linux 2.6.39-400.17.2.el6uek.x86_64 #1 SMP Wed Mar 13 12:31:05 PDT 2013 x86_64
libc:glibc 2.12 NPTL 2.12 
rlimit: STACK 8192k, CORE 0k, NPROC 65535, NOFILE 4096, AS infinity
load average:1.46 1.03 0.67

/proc/meminfo:
MemTotal:       11232272 kB
MemFree:         7255076 kB
Buffers:           86580 kB
Cached:          2485708 kB
SwapCached:            0 kB
Active:          2481548 kB
Inactive:        1147612 kB
Active(anon):    1246252 kB
Inactive(anon):   497260 kB
Active(file):    1235296 kB
Inactive(file):   650352 kB
Unevictable:           0 kB
Mlocked:               0 kB
SwapTotal:       4063228 kB
SwapFree:        4063228 kB
Dirty:                92 kB
Writeback:             0 kB
AnonPages:       1057036 kB
Mapped:           223452 kB
Shmem:            686580 kB
Slab:             150608 kB
SReclaimable:      80128 kB
SUnreclaim:        70480 kB
KernelStack:        3056 kB
PageTables:        46956 kB
NFS_Unstable:          0 kB
Bounce:                0 kB
WritebackTmp:          0 kB
CommitLimit:     9679364 kB
Committed_AS:    2520964 kB
VmallocTotal:   34359738367 kB
VmallocUsed:      103640 kB
VmallocChunk:   34359624184 kB
HardwareCorrupted:     0 kB
AnonHugePages:         0 kB
HugePages_Total:       0
HugePages_Free:        0
HugePages_Rsvd:        0
HugePages_Surp:        0
Hugepagesize:       2048 kB
DirectMap4k:       11200 kB
DirectMap2M:    11460608 kB


CPU:total 4 (4 cores per cpu, 1 threads per core) family 6 model 60 stepping 3, cmov, cx8, fxsr, mmx, sse, sse2, sse3, ssse3, sse4.1, sse4.2, popcnt, avx, aes, tsc, tscinvbit

/proc/cpuinfo:
processor	: 0
vendor_id	: GenuineIntel
cpu family	: 6
model		: 60
model name	: Intel(R) Core(TM) i7-4800MQ CPU @ 2.70GHz
stepping	: 3
cpu MHz		: 2693.756
cache size	: 6144 KB
physical id	: 0
siblings	: 4
core id		: 0
cpu cores	: 4
apicid		: 0
initial apicid	: 0
fpu		: yes
fpu_exception	: yes
cpuid level	: 13
wp		: yes
flags		: fpu vme de pse tsc msr pae mce cx8 apic sep mtrr pge mca cmov pat pse36 clflush mmx fxsr sse sse2 ht syscall nx rdtscp lm constant_tsc rep_good nopl xtopology nonstop_tsc pni pclmulqdq ssse3 cx16 sse4_1 sse4_2 movbe popcnt aes xsave avx rdrand lahf_lm abm
bogomips	: 5387.51
clflush size	: 64
cache_alignment	: 64
address sizes	: 39 bits physical, 48 bits virtual
power management:

processor	: 1
vendor_id	: GenuineIntel
cpu family	: 6
model		: 60
model name	: Intel(R) Core(TM) i7-4800MQ CPU @ 2.70GHz
stepping	: 3
cpu MHz		: 2693.756
cache size	: 6144 KB
physical id	: 0
siblings	: 4
core id		: 1
cpu cores	: 4
apicid		: 1
initial apicid	: 1
fpu		: yes
fpu_exception	: yes
cpuid level	: 13
wp		: yes
flags		: fpu vme de pse tsc msr pae mce cx8 apic sep mtrr pge mca cmov pat pse36 clflush mmx fxsr sse sse2 ht syscall nx rdtscp lm constant_tsc rep_good nopl xtopology nonstop_tsc pni pclmulqdq ssse3 cx16 sse4_1 sse4_2 movbe popcnt aes xsave avx rdrand lahf_lm abm
bogomips	: 5387.51
clflush size	: 64
cache_alignment	: 64
address sizes	: 39 bits physical, 48 bits virtual
power management:

processor	: 2
vendor_id	: GenuineIntel
cpu family	: 6
model		: 60
model name	: Intel(R) Core(TM) i7-4800MQ CPU @ 2.70GHz
stepping	: 3
cpu MHz		: 2693.756
cache size	: 6144 KB
physical id	: 0
siblings	: 4
core id		: 2
cpu cores	: 4
apicid		: 2
initial apicid	: 2
fpu		: yes
fpu_exception	: yes
cpuid level	: 13
wp		: yes
flags		: fpu vme de pse tsc msr pae mce cx8 apic sep mtrr pge mca cmov pat pse36 clflush mmx fxsr sse sse2 ht syscall nx rdtscp lm constant_tsc rep_good nopl xtopology nonstop_tsc pni pclmulqdq ssse3 cx16 sse4_1 sse4_2 movbe popcnt aes xsave avx rdrand lahf_lm abm
bogomips	: 5387.51
clflush size	: 64
cache_alignment	: 64
address sizes	: 39 bits physical, 48 bits virtual
power management:

processor	: 3
vendor_id	: GenuineIntel
cpu family	: 6
model		: 60
model name	: Intel(R) Core(TM) i7-4800MQ CPU @ 2.70GHz
stepping	: 3
cpu MHz		: 2693.756
cache size	: 6144 KB
physical id	: 0
siblings	: 4
core id		: 3
cpu cores	: 4
apicid		: 3
initial apicid	: 3
fpu		: yes
fpu_exception	: yes
cpuid level	: 13
wp		: yes
flags		: fpu vme de pse tsc msr pae mce cx8 apic sep mtrr pge mca cmov pat pse36 clflush mmx fxsr sse sse2 ht syscall nx rdtscp lm constant_tsc rep_good nopl xtopology nonstop_tsc pni pclmulqdq ssse3 cx16 sse4_1 sse4_2 movbe popcnt aes xsave avx rdrand lahf_lm abm
bogomips	: 5387.51
clflush size	: 64
cache_alignment	: 64
address sizes	: 39 bits physical, 48 bits virtual
power management:



Memory: 4k page, physical 11232272k(7255076k free), swap 4063228k(4063228k free)

vm_info: Java HotSpot(TM) 64-Bit Server VM (24.65-b04) for linux-amd64 JRE (1.7.0_67-b01), built on Jul 25 2014 09:20:21 by "java_re" with gcc 4.3.0 20080428 (Red Hat 4.3.0-8)

time: Tue Dec 27 11:48:10 2016
elapsed time: 10 seconds

