#
# A fatal error has been detected by the Java Runtime Environment:
#
#  SIGSEGV (0xb) at pc=0x00007fdc1bd0a379, pid=7055, tid=140582957647616
#
# JRE version: Java(TM) SE Runtime Environment (7.0_67-b01) (build 1.7.0_67-b01)
# Java VM: Java HotSpot(TM) 64-Bit Server VM (24.65-b04 mixed mode linux-amd64 compressed oops)
# Problematic frame:
# V  [libjvm.so+0x603379]  java_lang_String::utf8_length(oopDesc*)+0xd9
#
# Failed to write core dump. Core dumps have been disabled. To enable core dumping, try "ulimit -c unlimited" before starting Java again
#
# If you would like to submit a bug report, please visit:
#   http://bugreport.sun.com/bugreport/crash.jsp
#

---------------  T H R E A D  ---------------

Current thread (0x00007fdc140a3800):  JavaThread "JDWP Transport Listener: dt_socket" daemon [_thread_in_vm, id=7072, stack(0x00007fdc05308000,0x00007fdc05409000)]

siginfo:si_signo=SIGSEGV: si_errno=0, si_code=1 (SEGV_MAPERR), si_addr=0x000000000000000c

Registers:
RAX=0x000000000000000c, RBX=0x00007fdbdc005468, RCX=0x0000000000000000, RDX=0x0000000000000000
RSP=0x00007fdc054076b0, RBP=0x00007fdc054076c0, RSI=0x000000000000000c, RDI=0x00000007c62522d0
R8 =0x0000000000000000, R9 =0x0000000000000001, R10=0x0000000000000190, R11=0x00007fdc1bd54550
R12=0x0000000000000000, R13=0x00007fdc140a3800, R14=0x00007fdc054077b0, R15=0x0000000000000000
RIP=0x00007fdc1bd0a379, EFLAGS=0x0000000000010246, CSGSFS=0x0000000000000033, ERR=0x0000000000000004
  TRAPNO=0x000000000000000e

Top of Stack: (sp=0x00007fdc054076b0)
0x00007fdc054076b0:   00007fdbdc005468 00000007c62522d0
0x00007fdc054076c0:   00007fdc05407730 00007fdc1bd5c73b
0x00007fdc054076d0:   00007fdc140a3800 0000000000000000
0x00007fdc054076e0:   00007fdc05407730 00007fdc1afb8f92
0x00007fdc054076f0:   00007fdc140a3800 000000000000000a
0x00007fdc05407700:   00007fdc05407730 00007fdc05407940
0x00007fdc05407710:   00007fdc140a39e8 00007fdbdc005468
0x00007fdc05407720:   00007fdc054077b0 00007fdc1b1cc120
0x00007fdc05407730:   00007fdc05407770 00007fdc1af9b3b2
0x00007fdc05407740:   00000000000000ca 000000000000000a
0x00007fdc05407750:   0000000000000001 000000000000000a
0x00007fdc05407760:   0000000000010a00 0000000000000001
0x00007fdc05407770:   00007fdc054079c0 00007fdc1afa3976
0x00007fdc05407780:   000000ca00000013 00007fdc1b010a00
0x00007fdc05407790:   00007fdbd4000c60 00007fdc140a3800
0x00007fdc054077a0:   00007fdc054077b0 00007fdc05407940
0x00007fdc054077b0:   00007fdc05407800 00007fdc0000012c
0x00007fdc054077c0:   00007fdc054077c8 0000000000000000
0x00007fdc054077d0:   00007fdc05407800 0000000000000000
0x00007fdc054077e0:   0000000000000000 000000ca0000000f
0x00007fdc054077f0:   00007fdc00007880 00007fdc05407800
0x00007fdc05407800:   0000000000000000 0000000015000000
0x00007fdc05407810:   0000000016000000 0000000017000000
0x00007fdc05407820:   0000000000120000 6804000000420000
0x00007fdc05407830:   4901000000687361 0200000000000000
0x00007fdc05407840:   008b00dcdb7f0000 6972657310000000
0x00007fdc05407850:   6f69737265566c61 010000004449556e
0x00007fdc05407860:   000000000000004a 8a00dcdb7f00001a
0x00007fdc05407870:   72657316000000e0 69737265506c6169
0x00007fdc05407880:   656946746e657473 5b1c00000073646c
0x00007fdc05407890:   6f692f6176616a4c 537463656a624f2f
0x00007fdc054078a0:   6569466d61657274 00000000003b646c 

Instructions: (pc=0x00007fdc1bd0a379)
0x00007fdc1bd0a359:   08 48 d3 e2 48 03 10 b8 0c 00 00 00 eb 12 66 0f
0x00007fdc1bd0a369:   1f 84 00 00 00 00 00 48 8b 14 37 b8 10 00 00 00
0x00007fdc1bd0a379:   8b 1c 02 e9 6b ff ff ff 90 66 66 66 66 66 2e 0f
0x00007fdc1bd0a389:   1f 84 00 00 00 00 00 55 48 8b 05 b0 36 80 00 48 

Register to memory mapping:

RAX=0x000000000000000c is an unknown value
RBX=0x00007fdbdc005468 is a global jni handle
RCX=0x0000000000000000 is an unknown value
RDX=0x0000000000000000 is an unknown value
RSP=0x00007fdc054076b0 is pointing into the stack for thread: 0x00007fdc140a3800
RBP=0x00007fdc054076c0 is pointing into the stack for thread: 0x00007fdc140a3800
RSI=0x000000000000000c is an unknown value
RDI=0x00000007c62522d0 is an oop
java.lang.String 
 - klass: 'java/lang/String'
R8 =0x0000000000000000 is an unknown value
R9 =0x0000000000000001 is an unknown value
R10=0x0000000000000190 is an unknown value
R11=0x00007fdc1bd54550: <offset 0x64d550> in /VBoxExt2/Softwares/jdk1.7.0_67/jre/lib/amd64/server/libjvm.so at 0x00007fdc1b707000
R12=0x0000000000000000 is an unknown value
R13=0x00007fdc140a3800 is a thread
R14=0x00007fdc054077b0 is pointing into the stack for thread: 0x00007fdc140a3800
R15=0x0000000000000000 is an unknown value


Stack: [0x00007fdc05308000,0x00007fdc05409000],  sp=0x00007fdc054076b0,  free space=1021k
Native frames: (J=compiled Java code, j=interpreted, Vv=VM code, C=native code)
V  [libjvm.so+0x603379]  java_lang_String::utf8_length(oopDesc*)+0xd9
V  [libjvm.so+0x65573b]  jni_GetStringUTFChars+0xab
C  [libjdwp.so+0x93b2]  value+0x92
C  [libjdwp.so+0x11976]  debugLoop_run+0x2b6
C  [libjdwp.so+0x243af]  attachThread+0x2f
V  [libjvm.so+0x6fc827]  JvmtiAgentThread::call_start_function()+0x97
V  [libjvm.so+0x958d9f]  JavaThread::thread_main_inner()+0xdf
V  [libjvm.so+0x958ea5]  JavaThread::run()+0xf5
V  [libjvm.so+0x81f988]  java_start(Thread*)+0x108


---------------  P R O C E S S  ---------------

Java Threads: ( => current thread )
  0x00007fdc140ae800 JavaThread "Service Thread" daemon [_thread_blocked, id=7081, stack(0x00007fdc04e03000,0x00007fdc04f04000)]
  0x00007fdc140ac800 JavaThread "C2 CompilerThread1" daemon [_thread_blocked, id=7080, stack(0x00007fdc04f04000,0x00007fdc05005000)]
  0x00007fdc140a9800 JavaThread "C2 CompilerThread0" daemon [_thread_blocked, id=7079, stack(0x00007fdc05005000,0x00007fdc05106000)]
  0x00007fdbdc001000 JavaThread "JDWP Command Reader" daemon [_thread_in_native, id=7074, stack(0x00007fdc05106000,0x00007fdc05207000)]
  0x00007fdc140a7000 JavaThread "JDWP Event Helper Thread" daemon [_thread_blocked, id=7073, stack(0x00007fdc05207000,0x00007fdc05308000)]
=>0x00007fdc140a3800 JavaThread "JDWP Transport Listener: dt_socket" daemon [_thread_in_vm, id=7072, stack(0x00007fdc05308000,0x00007fdc05409000)]
  0x00007fdc14097000 JavaThread "Signal Dispatcher" daemon [_thread_blocked, id=7070, stack(0x00007fdc0560d000,0x00007fdc0570e000)]
  0x00007fdc14071000 JavaThread "Finalizer" daemon [_thread_blocked, id=7069, stack(0x00007fdc0570e000,0x00007fdc0580f000)]
  0x00007fdc1406f000 JavaThread "Reference Handler" daemon [_thread_blocked, id=7068, stack(0x00007fdc180a4000,0x00007fdc181a5000)]
  0x00007fdc1400b000 JavaThread "main" [_thread_blocked, id=7059, stack(0x00007fdc1b606000,0x00007fdc1b707000)]

Other Threads:
  0x00007fdc1406a800 VMThread [stack: 0x00007fdc181a5000,0x00007fdc182a6000] [id=7067]
  0x00007fdc140b9800 WatcherThread [stack: 0x00007fdc04d02000,0x00007fdc04e03000] [id=7082]

VM state:not at safepoint (normal execution)

VM Mutex/Monitor currently owned by a thread: None

Heap
 PSYoungGen      total 52224K, used 2703K [0x00000007c6200000, 0x00000007c9c00000, 0x0000000800000000)
  eden space 45056K, 6% used [0x00000007c6200000,0x00000007c64a3ea8,0x00000007c8e00000)
  from space 7168K, 0% used [0x00000007c9500000,0x00000007c9500000,0x00000007c9c00000)
  to   space 7168K, 0% used [0x00000007c8e00000,0x00000007c8e00000,0x00000007c9500000)
 ParOldGen       total 118272K, used 0K [0x0000000752600000, 0x0000000759980000, 0x00000007c6200000)
  object space 118272K, 0% used [0x0000000752600000,0x0000000752600000,0x0000000759980000)
 PSPermGen       total 21504K, used 2453K [0x000000074d400000, 0x000000074e900000, 0x0000000752600000)
  object space 21504K, 11% used [0x000000074d400000,0x000000074d6657b8,0x000000074e900000)

Card table byte_map: [0x00007fdc1a2f6000,0x00007fdc1a88d000] byte_map_base: 0x00007fdc1688c000

Polling page: 0x00007fdc1c7ae000

Code Cache  [0x00007fdc0b16f000, 0x00007fdc0b3df000, 0x00007fdc0e16f000)
 total_blobs=155 nmethods=0 adapters=133 free_code_cache=48778Kb largest_free_block=49948608

Compilation events (0 events):
No events

GC Heap History (0 events):
No events

Deoptimization events (0 events):
No events

Internal exceptions (2 events):
Event: 0.098 Thread 0x00007fdc1400b000 Threw 0x00000007c6210210 at /HUDSON/workspace/7u-2-build-linux-amd64/jdk7u67/1368/hotspot/src/share/vm/prims/jni.cpp:3991
Event: 0.590 Thread 0x00007fdc1400b000 Threw 0x00000007c6249f98 at /HUDSON/workspace/7u-2-build-linux-amd64/jdk7u67/1368/hotspot/src/share/vm/prims/jvm.cpp:1244

Events (10 events):
Event: 0.625 loading class 0x00007fdc19533d50
Event: 0.625 loading class 0x00007fdc194e9240
Event: 0.625 loading class 0x00007fdc194e9240 done
Event: 0.625 loading class 0x00007fdc19533d50 done
Event: 0.626 loading class 0x00007fdc140bfff0
Event: 0.626 loading class 0x00007fdc140bfff0 done
Event: 3.959 Executing VM operation: GetOrSetLocal
Event: 3.959 Executing VM operation: GetOrSetLocal done
Event: 4.608 Executing VM operation: EnableBiasedLocking
Event: 4.608 Executing VM operation: EnableBiasedLocking done


Dynamic libraries:
00400000-00401000 r-xp 00000000 08:20 531797                             /VBoxExt2/Softwares/jdk1.7.0_67/bin/java
00600000-00601000 rw-p 00000000 08:20 531797                             /VBoxExt2/Softwares/jdk1.7.0_67/bin/java
02561000-02582000 rw-p 00000000 00:00 0                                  [heap]
74d400000-74e900000 rw-p 00000000 00:00 0 
74e900000-752600000 rw-p 00000000 00:00 0 
752600000-759980000 rw-p 00000000 00:00 0 
759980000-7c6200000 rw-p 00000000 00:00 0 
7c6200000-7c9c00000 rw-p 00000000 00:00 0 
7c9c00000-800000000 rw-p 00000000 00:00 0 
395ea00000-395ea20000 r-xp 00000000 fc:00 130617                         /lib64/ld-2.12.so
395ec1f000-395ec20000 r--p 0001f000 fc:00 130617                         /lib64/ld-2.12.so
395ec20000-395ec21000 rw-p 00020000 fc:00 130617                         /lib64/ld-2.12.so
395ec21000-395ec22000 rw-p 00000000 00:00 0 
395ee00000-395ef8a000 r-xp 00000000 fc:00 130619                         /lib64/libc-2.12.so
395ef8a000-395f189000 ---p 0018a000 fc:00 130619                         /lib64/libc-2.12.so
395f189000-395f18d000 r--p 00189000 fc:00 130619                         /lib64/libc-2.12.so
395f18d000-395f18e000 rw-p 0018d000 fc:00 130619                         /lib64/libc-2.12.so
395f18e000-395f193000 rw-p 00000000 00:00 0 
395f200000-395f283000 r-xp 00000000 fc:00 130645                         /lib64/libm-2.12.so
395f283000-395f482000 ---p 00083000 fc:00 130645                         /lib64/libm-2.12.so
395f482000-395f483000 r--p 00082000 fc:00 130645                         /lib64/libm-2.12.so
395f483000-395f484000 rw-p 00083000 fc:00 130645                         /lib64/libm-2.12.so
395f600000-395f602000 r-xp 00000000 fc:00 130632                         /lib64/libdl-2.12.so
395f602000-395f802000 ---p 00002000 fc:00 130632                         /lib64/libdl-2.12.so
395f802000-395f803000 r--p 00002000 fc:00 130632                         /lib64/libdl-2.12.so
395f803000-395f804000 rw-p 00003000 fc:00 130632                         /lib64/libdl-2.12.so
395fa00000-395fa17000 r-xp 00000000 fc:00 130622                         /lib64/libpthread-2.12.so
395fa17000-395fc17000 ---p 00017000 fc:00 130622                         /lib64/libpthread-2.12.so
395fc17000-395fc18000 r--p 00017000 fc:00 130622                         /lib64/libpthread-2.12.so
395fc18000-395fc19000 rw-p 00018000 fc:00 130622                         /lib64/libpthread-2.12.so
395fc19000-395fc1d000 rw-p 00000000 00:00 0 
3960200000-3960207000 r-xp 00000000 fc:00 130625                         /lib64/librt-2.12.so
3960207000-3960406000 ---p 00007000 fc:00 130625                         /lib64/librt-2.12.so
3960406000-3960407000 r--p 00006000 fc:00 130625                         /lib64/librt-2.12.so
3960407000-3960408000 rw-p 00007000 fc:00 130625                         /lib64/librt-2.12.so
7fdbc0000000-7fdbc0021000 rw-p 00000000 00:00 0 
7fdbc0021000-7fdbc4000000 ---p 00000000 00:00 0 
7fdbc4000000-7fdbc4021000 rw-p 00000000 00:00 0 
7fdbc4021000-7fdbc8000000 ---p 00000000 00:00 0 
7fdbc8000000-7fdbc8021000 rw-p 00000000 00:00 0 
7fdbc8021000-7fdbcc000000 ---p 00000000 00:00 0 
7fdbcc000000-7fdbcc021000 rw-p 00000000 00:00 0 
7fdbcc021000-7fdbd0000000 ---p 00000000 00:00 0 
7fdbd0000000-7fdbd0021000 rw-p 00000000 00:00 0 
7fdbd0021000-7fdbd4000000 ---p 00000000 00:00 0 
7fdbd4000000-7fdbd4021000 rw-p 00000000 00:00 0 
7fdbd4021000-7fdbd8000000 ---p 00000000 00:00 0 
7fdbd8000000-7fdbd8021000 rw-p 00000000 00:00 0 
7fdbd8021000-7fdbdc000000 ---p 00000000 00:00 0 
7fdbdc000000-7fdbdc021000 rw-p 00000000 00:00 0 
7fdbdc021000-7fdbe0000000 ---p 00000000 00:00 0 
7fdbe0000000-7fdbe0021000 rw-p 00000000 00:00 0 
7fdbe0021000-7fdbe4000000 ---p 00000000 00:00 0 
7fdbe4000000-7fdbe4021000 rw-p 00000000 00:00 0 
7fdbe4021000-7fdbe8000000 ---p 00000000 00:00 0 
7fdbe8000000-7fdbe8021000 rw-p 00000000 00:00 0 
7fdbe8021000-7fdbec000000 ---p 00000000 00:00 0 
7fdbec000000-7fdbec021000 rw-p 00000000 00:00 0 
7fdbec021000-7fdbf0000000 ---p 00000000 00:00 0 
7fdbf0000000-7fdbf0021000 rw-p 00000000 00:00 0 
7fdbf0021000-7fdbf4000000 ---p 00000000 00:00 0 
7fdbf8000000-7fdbf8021000 rw-p 00000000 00:00 0 
7fdbf8021000-7fdbfc000000 ---p 00000000 00:00 0 
7fdc00000000-7fdc00021000 rw-p 00000000 00:00 0 
7fdc00021000-7fdc04000000 ---p 00000000 00:00 0 
7fdc04abb000-7fdc04d02000 rw-p 00000000 00:00 0 
7fdc04d02000-7fdc04d03000 ---p 00000000 00:00 0 
7fdc04d03000-7fdc04e03000 rw-p 00000000 00:00 0 
7fdc04e03000-7fdc04e06000 ---p 00000000 00:00 0 
7fdc04e06000-7fdc04f04000 rw-p 00000000 00:00 0 
7fdc04f04000-7fdc04f07000 ---p 00000000 00:00 0 
7fdc04f07000-7fdc05005000 rw-p 00000000 00:00 0 
7fdc05005000-7fdc05008000 ---p 00000000 00:00 0 
7fdc05008000-7fdc05106000 rw-p 00000000 00:00 0 
7fdc05106000-7fdc05109000 ---p 00000000 00:00 0 
7fdc05109000-7fdc05207000 rw-p 00000000 00:00 0 
7fdc05207000-7fdc0520a000 ---p 00000000 00:00 0 
7fdc0520a000-7fdc05308000 rw-p 00000000 00:00 0 
7fdc05308000-7fdc0530b000 ---p 00000000 00:00 0 
7fdc0530b000-7fdc05409000 rw-p 00000000 00:00 0 
7fdc05409000-7fdc0540d000 r-xp 00000000 08:20 663215                     /VBoxExt2/Softwares/jdk1.7.0_67/jre/lib/amd64/libdt_socket.so
7fdc0540d000-7fdc0560c000 ---p 00004000 08:20 663215                     /VBoxExt2/Softwares/jdk1.7.0_67/jre/lib/amd64/libdt_socket.so
7fdc0560c000-7fdc0560d000 rw-p 00003000 08:20 663215                     /VBoxExt2/Softwares/jdk1.7.0_67/jre/lib/amd64/libdt_socket.so
7fdc0560d000-7fdc05610000 ---p 00000000 00:00 0 
7fdc05610000-7fdc0570e000 rw-p 00000000 00:00 0 
7fdc0570e000-7fdc05711000 ---p 00000000 00:00 0 
7fdc05711000-7fdc0b16f000 rw-p 00000000 00:00 0 
7fdc0b16f000-7fdc0b3df000 rwxp 00000000 00:00 0 
7fdc0b3df000-7fdc0e16f000 rw-p 00000000 00:00 0 
7fdc0e16f000-7fdc14000000 r--p 00000000 fc:00 436017                     /usr/lib/locale/locale-archive
7fdc14000000-7fdc140cc000 rw-p 00000000 00:00 0 
7fdc140cc000-7fdc18000000 ---p 00000000 00:00 0 
7fdc180a4000-7fdc180a7000 ---p 00000000 00:00 0 
7fdc180a7000-7fdc181a5000 rw-p 00000000 00:00 0 
7fdc181a5000-7fdc181a6000 ---p 00000000 00:00 0 
7fdc181a6000-7fdc192a5000 rw-p 00000000 00:00 0 
7fdc192a5000-7fdc19464000 r--s 039e5000 08:20 663338                     /VBoxExt2/Softwares/jdk1.7.0_67/jre/lib/rt.jar
7fdc19464000-7fdc19b2b000 rw-p 00000000 00:00 0 
7fdc19b2b000-7fdc19b2c000 ---p 00000000 00:00 0 
7fdc19b2c000-7fdc19c2c000 rw-p 00000000 00:00 0 
7fdc19c2c000-7fdc19c2d000 ---p 00000000 00:00 0 
7fdc19c2d000-7fdc19d2d000 rw-p 00000000 00:00 0 
7fdc19d2d000-7fdc19d2e000 ---p 00000000 00:00 0 
7fdc19d2e000-7fdc19e2e000 rw-p 00000000 00:00 0 
7fdc19e2e000-7fdc19e2f000 ---p 00000000 00:00 0 
7fdc19e2f000-7fdc19f3a000 rw-p 00000000 00:00 0 
7fdc19f3a000-7fdc19f58000 rw-p 00000000 00:00 0 
7fdc19f58000-7fdc19f92000 rw-p 00000000 00:00 0 
7fdc19f92000-7fdc1a2f6000 rw-p 00000000 00:00 0 
7fdc1a2f6000-7fdc1a301000 rw-p 00000000 00:00 0 
7fdc1a301000-7fdc1a31f000 rw-p 00000000 00:00 0 
7fdc1a31f000-7fdc1a359000 rw-p 00000000 00:00 0 
7fdc1a359000-7fdc1a6bd000 rw-p 00000000 00:00 0 
7fdc1a6bd000-7fdc1a6da000 rw-p 00000000 00:00 0 
7fdc1a6da000-7fdc1a88c000 rw-p 00000000 00:00 0 
7fdc1a88c000-7fdc1a897000 rw-p 00000000 00:00 0 
7fdc1a897000-7fdc1a94d000 rw-p 00000000 00:00 0 
7fdc1a94d000-7fdc1a967000 r-xp 00000000 08:20 663222                     /VBoxExt2/Softwares/jdk1.7.0_67/jre/lib/amd64/libzip.so
7fdc1a967000-7fdc1ab67000 ---p 0001a000 08:20 663222                     /VBoxExt2/Softwares/jdk1.7.0_67/jre/lib/amd64/libzip.so
7fdc1ab67000-7fdc1ab68000 rw-p 0001a000 08:20 663222                     /VBoxExt2/Softwares/jdk1.7.0_67/jre/lib/amd64/libzip.so
7fdc1ab68000-7fdc1ab74000 r-xp 00000000 fc:00 130590                     /lib64/libnss_files-2.12.so
7fdc1ab74000-7fdc1ad74000 ---p 0000c000 fc:00 130590                     /lib64/libnss_files-2.12.so
7fdc1ad74000-7fdc1ad75000 r--p 0000c000 fc:00 130590                     /lib64/libnss_files-2.12.so
7fdc1ad75000-7fdc1ad76000 rw-p 0000d000 fc:00 130590                     /lib64/libnss_files-2.12.so
7fdc1ad8f000-7fdc1ad92000 r-xp 00000000 08:20 663190                     /VBoxExt2/Softwares/jdk1.7.0_67/jre/lib/amd64/libnpt.so
7fdc1ad92000-7fdc1af91000 ---p 00003000 08:20 663190                     /VBoxExt2/Softwares/jdk1.7.0_67/jre/lib/amd64/libnpt.so
7fdc1af91000-7fdc1af92000 rw-p 00002000 08:20 663190                     /VBoxExt2/Softwares/jdk1.7.0_67/jre/lib/amd64/libnpt.so
7fdc1af92000-7fdc1afcb000 r-xp 00000000 08:20 663176                     /VBoxExt2/Softwares/jdk1.7.0_67/jre/lib/amd64/libjdwp.so
7fdc1afcb000-7fdc1b1cb000 ---p 00039000 08:20 663176                     /VBoxExt2/Softwares/jdk1.7.0_67/jre/lib/amd64/libjdwp.so
7fdc1b1cb000-7fdc1b1cc000 rw-p 00039000 08:20 663176                     /VBoxExt2/Softwares/jdk1.7.0_67/jre/lib/amd64/libjdwp.so
7fdc1b1cc000-7fdc1b1cd000 rw-p 00000000 00:00 0 
7fdc1b1cd000-7fdc1b1f6000 r-xp 00000000 08:20 663205                     /VBoxExt2/Softwares/jdk1.7.0_67/jre/lib/amd64/libjava.so
7fdc1b1f6000-7fdc1b3f6000 ---p 00029000 08:20 663205                     /VBoxExt2/Softwares/jdk1.7.0_67/jre/lib/amd64/libjava.so
7fdc1b3f6000-7fdc1b3f8000 rw-p 00029000 08:20 663205                     /VBoxExt2/Softwares/jdk1.7.0_67/jre/lib/amd64/libjava.so
7fdc1b3f8000-7fdc1b405000 r-xp 00000000 08:20 663167                     /VBoxExt2/Softwares/jdk1.7.0_67/jre/lib/amd64/libverify.so
7fdc1b405000-7fdc1b604000 ---p 0000d000 08:20 663167                     /VBoxExt2/Softwares/jdk1.7.0_67/jre/lib/amd64/libverify.so
7fdc1b604000-7fdc1b606000 rw-p 0000c000 08:20 663167                     /VBoxExt2/Softwares/jdk1.7.0_67/jre/lib/amd64/libverify.so
7fdc1b606000-7fdc1b609000 ---p 00000000 00:00 0 
7fdc1b609000-7fdc1b707000 rw-p 00000000 00:00 0 
7fdc1b707000-7fdc1c277000 r-xp 00000000 08:20 663181                     /VBoxExt2/Softwares/jdk1.7.0_67/jre/lib/amd64/server/libjvm.so
7fdc1c277000-7fdc1c476000 ---p 00b70000 08:20 663181                     /VBoxExt2/Softwares/jdk1.7.0_67/jre/lib/amd64/server/libjvm.so
7fdc1c476000-7fdc1c53b000 rw-p 00b6f000 08:20 663181                     /VBoxExt2/Softwares/jdk1.7.0_67/jre/lib/amd64/server/libjvm.so
7fdc1c53b000-7fdc1c57e000 rw-p 00000000 00:00 0 
7fdc1c57e000-7fdc1c594000 r-xp 00000000 08:20 531440                     /VBoxExt2/Softwares/jdk1.7.0_67/lib/amd64/jli/libjli.so
7fdc1c594000-7fdc1c794000 ---p 00016000 08:20 531440                     /VBoxExt2/Softwares/jdk1.7.0_67/lib/amd64/jli/libjli.so
7fdc1c794000-7fdc1c795000 rw-p 00016000 08:20 531440                     /VBoxExt2/Softwares/jdk1.7.0_67/lib/amd64/jli/libjli.so
7fdc1c795000-7fdc1c796000 rw-p 00000000 00:00 0 
7fdc1c7a3000-7fdc1c7a5000 rw-p 00000000 00:00 0 
7fdc1c7a5000-7fdc1c7ad000 rw-s 00000000 fc:00 544488                     /tmp/hsperfdata_jainy/7055
7fdc1c7ad000-7fdc1c7ae000 rw-p 00000000 00:00 0 
7fdc1c7ae000-7fdc1c7af000 r--p 00000000 00:00 0 
7fdc1c7af000-7fdc1c7b0000 rw-p 00000000 00:00 0 
7fff800d8000-7fff800f9000 rw-p 00000000 00:00 0                          [stack]
7fff801ff000-7fff80200000 r-xp 00000000 00:00 0                          [vdso]
ffffffffff600000-ffffffffff601000 r-xp 00000000 00:00 0                  [vsyscall]

VM Arguments:
jvm_args: -agentlib:jdwp=transport=dt_socket,suspend=y,address=localhost:39294 -Dfile.encoding=UTF-8 
java_command: UserInputTest
Launcher Type: SUN_STANDARD

Environment Variables:
JAVA_HOME=/home/jainy/Softwares/jdk1.7.0_67
PATH=/u01/app/oracle/product/11.2.0/xe/bin:.:/home/jainy/Softwares/jdk1.7.0_67/bin:/home/jainy/Softwares/apache-maven-3.0.5/bin:/home/jainy/bt3/bin:/bin:/home/jainy/Softwares/groovy-2.2.2/bin:/usr/lib64/qt-3.3/bin:/usr/local/bin:/usr/bin:/bin:/usr/local/sbin:/usr/sbin:/sbin:/u01/app/oracle/product/11.2.0/xe/bin:/home/jainy/bin
USERNAME=jainy
LD_LIBRARY_PATH=/u01/app/oracle/product/11.2.0/xe/lib:/opt/distra/executive/current/lib
SHELL=/bin/bash
DISPLAY=:0.0

Signal Handlers:
SIGSEGV: [libjvm.so+0x99f4a0], sa_mask[0]=0x7ffbfeff, sa_flags=0x10000004
SIGBUS: [libjvm.so+0x99f4a0], sa_mask[0]=0x7ffbfeff, sa_flags=0x10000004
SIGFPE: [libjvm.so+0x81a860], sa_mask[0]=0x7ffbfeff, sa_flags=0x10000004
SIGPIPE: [libjvm.so+0x81a860], sa_mask[0]=0x7ffbfeff, sa_flags=0x10000004
SIGXFSZ: [libjvm.so+0x81a860], sa_mask[0]=0x7ffbfeff, sa_flags=0x10000004
SIGILL: [libjvm.so+0x81a860], sa_mask[0]=0x7ffbfeff, sa_flags=0x10000004
SIGUSR1: SIG_DFL, sa_mask[0]=0x00000000, sa_flags=0x00000000
SIGUSR2: [libjvm.so+0x81c060], sa_mask[0]=0x00000004, sa_flags=0x10000004
SIGHUP: [libjvm.so+0x81d160], sa_mask[0]=0x7ffbfeff, sa_flags=0x10000004
SIGINT: [libjvm.so+0x81d160], sa_mask[0]=0x7ffbfeff, sa_flags=0x10000004
SIGTERM: [libjvm.so+0x81d160], sa_mask[0]=0x7ffbfeff, sa_flags=0x10000004
SIGQUIT: [libjvm.so+0x81d160], sa_mask[0]=0x7ffbfeff, sa_flags=0x10000004


---------------  S Y S T E M  ---------------

OS:Red Hat Enterprise Linux Server release 6.3 (Santiago)

uname:Linux 2.6.39-400.17.2.el6uek.x86_64 #1 SMP Wed Mar 13 12:31:05 PDT 2013 x86_64
libc:glibc 2.12 NPTL 2.12 
rlimit: STACK 8192k, CORE 0k, NPROC 1024, NOFILE 4096, AS infinity
load average:0.98 0.85 0.80

/proc/meminfo:
MemTotal:       11373584 kB
MemFree:         2257668 kB
Buffers:          436880 kB
Cached:          6539232 kB
SwapCached:         3200 kB
Active:          6324716 kB
Inactive:        2085360 kB
Active(anon):    1669424 kB
Inactive(anon):   445148 kB
Active(file):    4655292 kB
Inactive(file):  1640212 kB
Unevictable:           0 kB
Mlocked:               0 kB
SwapTotal:       4063228 kB
SwapFree:        4056472 kB
Dirty:               376 kB
Writeback:             0 kB
AnonPages:       1431132 kB
Mapped:           274020 kB
Shmem:            680548 kB
Slab:             505320 kB
SReclaimable:     416000 kB
SUnreclaim:        89320 kB
KernelStack:        3304 kB
PageTables:        48704 kB
NFS_Unstable:          0 kB
Bounce:                0 kB
WritebackTmp:          0 kB
CommitLimit:     9750020 kB
Committed_AS:    4357792 kB
VmallocTotal:   34359738367 kB
VmallocUsed:      103688 kB
VmallocChunk:   34359623160 kB
HardwareCorrupted:     0 kB
AnonHugePages:    876544 kB
HugePages_Total:       0
HugePages_Free:        0
HugePages_Rsvd:        0
HugePages_Surp:        0
Hugepagesize:       2048 kB
DirectMap4k:       11200 kB
DirectMap2M:    11603968 kB


CPU:total 4 (4 cores per cpu, 1 threads per core) family 6 model 26 stepping 5, cmov, cx8, fxsr, mmx, sse, sse2, sse3, ssse3, tsc

/proc/cpuinfo:
processor	: 0
vendor_id	: GenuineIntel
cpu family	: 6
model		: 26
model name	: Intel(R) Xeon(R) CPU           W3530  @ 2.80GHz
stepping	: 5
cpu MHz		: 2781.473
cache size	: 6144 KB
physical id	: 0
siblings	: 4
core id		: 0
cpu cores	: 4
apicid		: 0
initial apicid	: 0
fpu		: yes
fpu_exception	: yes
cpuid level	: 5
wp		: yes
flags		: fpu vme de pse tsc msr pae mce cx8 apic sep mtrr pge mca cmov pat pse36 clflush mmx fxsr sse sse2 ht syscall nx rdtscp lm constant_tsc rep_good nopl pni ssse3 lahf_lm
bogomips	: 5562.94
clflush size	: 64
cache_alignment	: 64
address sizes	: 36 bits physical, 48 bits virtual
power management:

processor	: 1
vendor_id	: GenuineIntel
cpu family	: 6
model		: 26
model name	: Intel(R) Xeon(R) CPU           W3530  @ 2.80GHz
stepping	: 5
cpu MHz		: 2781.473
cache size	: 6144 KB
physical id	: 0
siblings	: 4
core id		: 1
cpu cores	: 4
apicid		: 1
initial apicid	: 1
fpu		: yes
fpu_exception	: yes
cpuid level	: 5
wp		: yes
flags		: fpu vme de pse tsc msr pae mce cx8 apic sep mtrr pge mca cmov pat pse36 clflush mmx fxsr sse sse2 ht syscall nx rdtscp lm constant_tsc rep_good nopl pni ssse3 lahf_lm
bogomips	: 5562.94
clflush size	: 64
cache_alignment	: 64
address sizes	: 36 bits physical, 48 bits virtual
power management:

processor	: 2
vendor_id	: GenuineIntel
cpu family	: 6
model		: 26
model name	: Intel(R) Xeon(R) CPU           W3530  @ 2.80GHz
stepping	: 5
cpu MHz		: 2781.473
cache size	: 6144 KB
physical id	: 0
siblings	: 4
core id		: 2
cpu cores	: 4
apicid		: 2
initial apicid	: 2
fpu		: yes
fpu_exception	: yes
cpuid level	: 5
wp		: yes
flags		: fpu vme de pse tsc msr pae mce cx8 apic sep mtrr pge mca cmov pat pse36 clflush mmx fxsr sse sse2 ht syscall nx rdtscp lm constant_tsc rep_good nopl pni ssse3 lahf_lm
bogomips	: 5562.94
clflush size	: 64
cache_alignment	: 64
address sizes	: 36 bits physical, 48 bits virtual
power management:

processor	: 3
vendor_id	: GenuineIntel
cpu family	: 6
model		: 26
model name	: Intel(R) Xeon(R) CPU           W3530  @ 2.80GHz
stepping	: 5
cpu MHz		: 2781.473
cache size	: 6144 KB
physical id	: 0
siblings	: 4
core id		: 3
cpu cores	: 4
apicid		: 3
initial apicid	: 3
fpu		: yes
fpu_exception	: yes
cpuid level	: 5
wp		: yes
flags		: fpu vme de pse tsc msr pae mce cx8 apic sep mtrr pge mca cmov pat pse36 clflush mmx fxsr sse sse2 ht syscall nx rdtscp lm constant_tsc rep_good nopl pni ssse3 lahf_lm
bogomips	: 5562.94
clflush size	: 64
cache_alignment	: 64
address sizes	: 36 bits physical, 48 bits virtual
power management:



Memory: 4k page, physical 11373584k(2257668k free), swap 4063228k(4056472k free)

vm_info: Java HotSpot(TM) 64-Bit Server VM (24.65-b04) for linux-amd64 JRE (1.7.0_67-b01), built on Jul 25 2014 09:20:21 by "java_re" with gcc 4.3.0 20080428 (Red Hat 4.3.0-8)

time: Thu Sep 18 14:39:59 2014
elapsed time: 4 seconds

