[2013-05-08 23:17:04,065] [ERROR] [main] com.aciworldwide.aps.adf.core.service.management.mbean.BaseModel  - 
    [PROCESS: *, APPLICATION:  *, COMPONENT: adf-management]:
    CoreManagementException: [Error Code: GET_STR_FILE_EXCEPTION] Store Path is null for MBeanName : TopologyManager InstanceName : TopologyManagerInstance
com.aciworldwide.aps.adf.core.service.management.exception.BaseModelException: [Error Code: GET_STR_FILE_EXCEPTION] Store Path is null for MBeanName : TopologyManager InstanceName : TopologyManagerInstance
	at com.aciworldwide.aps.adf.core.service.management.mbean.BaseModel.getStoreFile(BaseModel.java:794)
	at com.aciworldwide.aps.adf.core.service.management.mbean.BaseModel.store(BaseModel.java:741)
	at com.aciworldwide.aps.adf.core.service.management.mbean.BaseModel.createManagedResource(BaseModel.java:896)
	at com.aciworldwide.aps.adf.core.service.management.mbean.BaseModel.preRegister(BaseModel.java:821)
	at com.sun.jmx.interceptor.DefaultMBeanServerInterceptor.preRegisterInvoke(DefaultMBeanServerInterceptor.java:1010)
	at com.sun.jmx.interceptor.DefaultMBeanServerInterceptor.registerDynamicMBean(DefaultMBeanServerInterceptor.java:938)
	at com.sun.jmx.interceptor.DefaultMBeanServerInterceptor.registerObject(DefaultMBeanServerInterceptor.java:917)
	at com.sun.jmx.interceptor.DefaultMBeanServerInterceptor.createMBean(DefaultMBeanServerInterceptor.java:294)
	at com.sun.jmx.interceptor.DefaultMBeanServerInterceptor.createMBean(DefaultMBeanServerInterceptor.java:216)
	at com.sun.jmx.mbeanserver.JmxMBeanServer.createMBean(JmxMBeanServer.java:449)
	at javax.management.loading.MLet.getMBeansFromURL(MLet.java:644)
	at sun.reflect.NativeMethodAccessorImpl.invoke0(Native Method)
	at sun.reflect.NativeMethodAccessorImpl.invoke(NativeMethodAccessorImpl.java:39)
	at sun.reflect.DelegatingMethodAccessorImpl.invoke(DelegatingMethodAccessorImpl.java:25)
	at java.lang.reflect.Method.invoke(Method.java:597)
	at com.sun.jmx.mbeanserver.StandardMBeanIntrospector.invokeM2(StandardMBeanIntrospector.java:93)
	at com.sun.jmx.mbeanserver.StandardMBeanIntrospector.invokeM2(StandardMBeanIntrospector.java:27)
	at com.sun.jmx.mbeanserver.MBeanIntrospector.invokeM(MBeanIntrospector.java:208)
	at com.sun.jmx.mbeanserver.PerInterface.invoke(PerInterface.java:120)
	at com.sun.jmx.mbeanserver.MBeanSupport.invoke(MBeanSupport.java:264)
	at com.sun.jmx.interceptor.DefaultMBeanServerInterceptor.invoke(DefaultMBeanServerInterceptor.java:836)
	at com.sun.jmx.mbeanserver.JmxMBeanServer.invoke(JmxMBeanServer.java:762)
	at com.aciworldwide.aps.adf.core.service.management.EmbeddedAgentImpl.registerResourceThroughMLet(EmbeddedAgentImpl.java:172)
	at com.aciworldwide.aps.adf.core.service.management.EmbeddedAgentImpl.registerResourceThroughMLet(EmbeddedAgentImpl.java:166)
	at com.aciworldwide.aps.adf.core.service.management.EmbeddedAgentImpl.initializeMBeanServer(EmbeddedAgentImpl.java:156)
	at com.aciworldwide.aps.adf.core.service.management.EmbeddedAgentImpl.createMBeanServer(EmbeddedAgentImpl.java:125)
	at com.aciworldwide.aps.adf.core.service.management.EmbeddedAgentImpl.<init>(EmbeddedAgentImpl.java:76)
	at com.distra.pm.mcas.manage.apsf.APSFManagementServiceAdapter.bootstrapAPSF(APSFManagementServiceAdapter.java:69)
	at com.distra.pm.mcas.manage.apsf.APSFManagementServiceAdapter.main(APSFManagementServiceAdapter.java:30)
[2013-05-08 23:17:04,069] [WARN ] [main] com.aciworldwide.aps.adf.core.service.management.mbean.BaseModel  - 
    [PROCESS: *, APPLICATION:  *, COMPONENT: adf-management]:
    CoreManagementWarn: BaseModel : Persistence Failed
com.aciworldwide.aps.adf.core.service.management.exception.BaseModelException: [Error Code: STORE_EXCEPTION] Error encountered while storing MBeanName : TopologyManager with InstanceName : TopologyManagerInstance into file for BaseModel; nested exception is com.aciworldwide.aps.adf.core.service.management.exception.BaseModelException: [Error Code: GET_STR_FILE_EXCEPTION] Store Path is null for MBeanName : TopologyManager InstanceName : TopologyManagerInstance
	at com.aciworldwide.aps.adf.core.service.management.mbean.BaseModel.store(BaseModel.java:770)
	at com.aciworldwide.aps.adf.core.service.management.mbean.BaseModel.createManagedResource(BaseModel.java:896)
	at com.aciworldwide.aps.adf.core.service.management.mbean.BaseModel.preRegister(BaseModel.java:821)
	at com.sun.jmx.interceptor.DefaultMBeanServerInterceptor.preRegisterInvoke(DefaultMBeanServerInterceptor.java:1010)
	at com.sun.jmx.interceptor.DefaultMBeanServerInterceptor.registerDynamicMBean(DefaultMBeanServerInterceptor.java:938)
	at com.sun.jmx.interceptor.DefaultMBeanServerInterceptor.registerObject(DefaultMBeanServerInterceptor.java:917)
	at com.sun.jmx.interceptor.DefaultMBeanServerInterceptor.createMBean(DefaultMBeanServerInterceptor.java:294)
	at com.sun.jmx.interceptor.DefaultMBeanServerInterceptor.createMBean(DefaultMBeanServerInterceptor.java:216)
	at com.sun.jmx.mbeanserver.JmxMBeanServer.createMBean(JmxMBeanServer.java:449)
	at javax.management.loading.MLet.getMBeansFromURL(MLet.java:644)
	at sun.reflect.NativeMethodAccessorImpl.invoke0(Native Method)
	at sun.reflect.NativeMethodAccessorImpl.invoke(NativeMethodAccessorImpl.java:39)
	at sun.reflect.DelegatingMethodAccessorImpl.invoke(DelegatingMethodAccessorImpl.java:25)
	at java.lang.reflect.Method.invoke(Method.java:597)
	at com.sun.jmx.mbeanserver.StandardMBeanIntrospector.invokeM2(StandardMBeanIntrospector.java:93)
	at com.sun.jmx.mbeanserver.StandardMBeanIntrospector.invokeM2(StandardMBeanIntrospector.java:27)
	at com.sun.jmx.mbeanserver.MBeanIntrospector.invokeM(MBeanIntrospector.java:208)
	at com.sun.jmx.mbeanserver.PerInterface.invoke(PerInterface.java:120)
	at com.sun.jmx.mbeanserver.MBeanSupport.invoke(MBeanSupport.java:264)
	at com.sun.jmx.interceptor.DefaultMBeanServerInterceptor.invoke(DefaultMBeanServerInterceptor.java:836)
	at com.sun.jmx.mbeanserver.JmxMBeanServer.invoke(JmxMBeanServer.java:762)
	at com.aciworldwide.aps.adf.core.service.management.EmbeddedAgentImpl.registerResourceThroughMLet(EmbeddedAgentImpl.java:172)
	at com.aciworldwide.aps.adf.core.service.management.EmbeddedAgentImpl.registerResourceThroughMLet(EmbeddedAgentImpl.java:166)
	at com.aciworldwide.aps.adf.core.service.management.EmbeddedAgentImpl.initializeMBeanServer(EmbeddedAgentImpl.java:156)
	at com.aciworldwide.aps.adf.core.service.management.EmbeddedAgentImpl.createMBeanServer(EmbeddedAgentImpl.java:125)
	at com.aciworldwide.aps.adf.core.service.management.EmbeddedAgentImpl.<init>(EmbeddedAgentImpl.java:76)
	at com.distra.pm.mcas.manage.apsf.APSFManagementServiceAdapter.bootstrapAPSF(APSFManagementServiceAdapter.java:69)
	at com.distra.pm.mcas.manage.apsf.APSFManagementServiceAdapter.main(APSFManagementServiceAdapter.java:30)
Caused by: com.aciworldwide.aps.adf.core.service.management.exception.BaseModelException: [Error Code: GET_STR_FILE_EXCEPTION] Store Path is null for MBeanName : TopologyManager InstanceName : TopologyManagerInstance
	at com.aciworldwide.aps.adf.core.service.management.mbean.BaseModel.getStoreFile(BaseModel.java:794)
	at com.aciworldwide.aps.adf.core.service.management.mbean.BaseModel.store(BaseModel.java:741)
	... 27 more
[2013-05-08 23:17:04,105] [ERROR] [main] com.aciworldwide.aps.adf.core.service.management.mbean.BaseModel  - 
    [PROCESS: *, APPLICATION:  *, COMPONENT: adf-management]:
    CoreManagementException: [Error Code: GET_STR_FILE_EXCEPTION] Store Path is null for MBeanName : MonitorManager InstanceName : MonitorManagerInstance
com.aciworldwide.aps.adf.core.service.management.exception.BaseModelException: [Error Code: GET_STR_FILE_EXCEPTION] Store Path is null for MBeanName : MonitorManager InstanceName : MonitorManagerInstance
	at com.aciworldwide.aps.adf.core.service.management.mbean.BaseModel.getStoreFile(BaseModel.java:794)
	at com.aciworldwide.aps.adf.core.service.management.mbean.BaseModel.store(BaseModel.java:741)
	at com.aciworldwide.aps.adf.core.service.management.mbean.BaseModel.createManagedResource(BaseModel.java:896)
	at com.aciworldwide.aps.adf.core.service.management.mbean.BaseModel.preRegister(BaseModel.java:821)
	at com.sun.jmx.interceptor.DefaultMBeanServerInterceptor.preRegisterInvoke(DefaultMBeanServerInterceptor.java:1010)
	at com.sun.jmx.interceptor.DefaultMBeanServerInterceptor.registerDynamicMBean(DefaultMBeanServerInterceptor.java:938)
	at com.sun.jmx.interceptor.DefaultMBeanServerInterceptor.registerObject(DefaultMBeanServerInterceptor.java:917)
	at com.sun.jmx.interceptor.DefaultMBeanServerInterceptor.createMBean(DefaultMBeanServerInterceptor.java:294)
	at com.sun.jmx.interceptor.DefaultMBeanServerInterceptor.createMBean(DefaultMBeanServerInterceptor.java:216)
	at com.sun.jmx.mbeanserver.JmxMBeanServer.createMBean(JmxMBeanServer.java:449)
	at javax.management.loading.MLet.getMBeansFromURL(MLet.java:644)
	at sun.reflect.NativeMethodAccessorImpl.invoke0(Native Method)
	at sun.reflect.NativeMethodAccessorImpl.invoke(NativeMethodAccessorImpl.java:39)
	at sun.reflect.DelegatingMethodAccessorImpl.invoke(DelegatingMethodAccessorImpl.java:25)
	at java.lang.reflect.Method.invoke(Method.java:597)
	at com.sun.jmx.mbeanserver.StandardMBeanIntrospector.invokeM2(StandardMBeanIntrospector.java:93)
	at com.sun.jmx.mbeanserver.StandardMBeanIntrospector.invokeM2(StandardMBeanIntrospector.java:27)
	at com.sun.jmx.mbeanserver.MBeanIntrospector.invokeM(MBeanIntrospector.java:208)
	at com.sun.jmx.mbeanserver.PerInterface.invoke(PerInterface.java:120)
	at com.sun.jmx.mbeanserver.MBeanSupport.invoke(MBeanSupport.java:264)
	at com.sun.jmx.interceptor.DefaultMBeanServerInterceptor.invoke(DefaultMBeanServerInterceptor.java:836)
	at com.sun.jmx.mbeanserver.JmxMBeanServer.invoke(JmxMBeanServer.java:762)
	at com.aciworldwide.aps.adf.core.service.management.EmbeddedAgentImpl.registerResourceThroughMLet(EmbeddedAgentImpl.java:172)
	at com.aciworldwide.aps.adf.core.service.management.EmbeddedAgentImpl.registerResourceThroughMLet(EmbeddedAgentImpl.java:166)
	at com.aciworldwide.aps.adf.core.service.management.EmbeddedAgentImpl.initializeMBeanServer(EmbeddedAgentImpl.java:156)
	at com.aciworldwide.aps.adf.core.service.management.EmbeddedAgentImpl.createMBeanServer(EmbeddedAgentImpl.java:125)
	at com.aciworldwide.aps.adf.core.service.management.EmbeddedAgentImpl.<init>(EmbeddedAgentImpl.java:76)
	at com.distra.pm.mcas.manage.apsf.APSFManagementServiceAdapter.bootstrapAPSF(APSFManagementServiceAdapter.java:69)
	at com.distra.pm.mcas.manage.apsf.APSFManagementServiceAdapter.main(APSFManagementServiceAdapter.java:30)
[2013-05-08 23:17:04,105] [WARN ] [main] com.aciworldwide.aps.adf.core.service.management.mbean.BaseModel  - 
    [PROCESS: *, APPLICATION:  *, COMPONENT: adf-management]:
    CoreManagementWarn: BaseModel : Persistence Failed
com.aciworldwide.aps.adf.core.service.management.exception.BaseModelException: [Error Code: STORE_EXCEPTION] Error encountered while storing MBeanName : MonitorManager with InstanceName : MonitorManagerInstance into file for BaseModel; nested exception is com.aciworldwide.aps.adf.core.service.management.exception.BaseModelException: [Error Code: GET_STR_FILE_EXCEPTION] Store Path is null for MBeanName : MonitorManager InstanceName : MonitorManagerInstance
	at com.aciworldwide.aps.adf.core.service.management.mbean.BaseModel.store(BaseModel.java:770)
	at com.aciworldwide.aps.adf.core.service.management.mbean.BaseModel.createManagedResource(BaseModel.java:896)
	at com.aciworldwide.aps.adf.core.service.management.mbean.BaseModel.preRegister(BaseModel.java:821)
	at com.sun.jmx.interceptor.DefaultMBeanServerInterceptor.preRegisterInvoke(DefaultMBeanServerInterceptor.java:1010)
	at com.sun.jmx.interceptor.DefaultMBeanServerInterceptor.registerDynamicMBean(DefaultMBeanServerInterceptor.java:938)
	at com.sun.jmx.interceptor.DefaultMBeanServerInterceptor.registerObject(DefaultMBeanServerInterceptor.java:917)
	at com.sun.jmx.interceptor.DefaultMBeanServerInterceptor.createMBean(DefaultMBeanServerInterceptor.java:294)
	at com.sun.jmx.interceptor.DefaultMBeanServerInterceptor.createMBean(DefaultMBeanServerInterceptor.java:216)
	at com.sun.jmx.mbeanserver.JmxMBeanServer.createMBean(JmxMBeanServer.java:449)
	at javax.management.loading.MLet.getMBeansFromURL(MLet.java:644)
	at sun.reflect.NativeMethodAccessorImpl.invoke0(Native Method)
	at sun.reflect.NativeMethodAccessorImpl.invoke(NativeMethodAccessorImpl.java:39)
	at sun.reflect.DelegatingMethodAccessorImpl.invoke(DelegatingMethodAccessorImpl.java:25)
	at java.lang.reflect.Method.invoke(Method.java:597)
	at com.sun.jmx.mbeanserver.StandardMBeanIntrospector.invokeM2(StandardMBeanIntrospector.java:93)
	at com.sun.jmx.mbeanserver.StandardMBeanIntrospector.invokeM2(StandardMBeanIntrospector.java:27)
	at com.sun.jmx.mbeanserver.MBeanIntrospector.invokeM(MBeanIntrospector.java:208)
	at com.sun.jmx.mbeanserver.PerInterface.invoke(PerInterface.java:120)
	at com.sun.jmx.mbeanserver.MBeanSupport.invoke(MBeanSupport.java:264)
	at com.sun.jmx.interceptor.DefaultMBeanServerInterceptor.invoke(DefaultMBeanServerInterceptor.java:836)
	at com.sun.jmx.mbeanserver.JmxMBeanServer.invoke(JmxMBeanServer.java:762)
	at com.aciworldwide.aps.adf.core.service.management.EmbeddedAgentImpl.registerResourceThroughMLet(EmbeddedAgentImpl.java:172)
	at com.aciworldwide.aps.adf.core.service.management.EmbeddedAgentImpl.registerResourceThroughMLet(EmbeddedAgentImpl.java:166)
	at com.aciworldwide.aps.adf.core.service.management.EmbeddedAgentImpl.initializeMBeanServer(EmbeddedAgentImpl.java:156)
	at com.aciworldwide.aps.adf.core.service.management.EmbeddedAgentImpl.createMBeanServer(EmbeddedAgentImpl.java:125)
	at com.aciworldwide.aps.adf.core.service.management.EmbeddedAgentImpl.<init>(EmbeddedAgentImpl.java:76)
	at com.distra.pm.mcas.manage.apsf.APSFManagementServiceAdapter.bootstrapAPSF(APSFManagementServiceAdapter.java:69)
	at com.distra.pm.mcas.manage.apsf.APSFManagementServiceAdapter.main(APSFManagementServiceAdapter.java:30)
Caused by: com.aciworldwide.aps.adf.core.service.management.exception.BaseModelException: [Error Code: GET_STR_FILE_EXCEPTION] Store Path is null for MBeanName : MonitorManager InstanceName : MonitorManagerInstance
	at com.aciworldwide.aps.adf.core.service.management.mbean.BaseModel.getStoreFile(BaseModel.java:794)
	at com.aciworldwide.aps.adf.core.service.management.mbean.BaseModel.store(BaseModel.java:741)
	... 27 more
